<?xml version="1.0" encoding="UTF-8"?>
<!-- Generated by org.testng.reporters.JUnitXMLReporter -->
<testsuite hostname="LAPTOP-6BQO1PBJ" ignored="8" name="Default test" tests="1" failures="0" timestamp="2020-08-12T18:36:13 IST" time="5.248" errors="0">
  <testcase name="multipleBadgeIDLimit101" time="4.835" classname="basicTest.ID_APItest"/>
  <testcase name="verifyBadgeIDMapping" time="0.0" classname="basicTest.ID_APItest">
    <ignored/>
  </testcase> <!-- verifyBadgeIDMapping -->
  <testcase name="multipleBadgeIDLimit100" time="0.0" classname="basicTest.ID_APItest">
    <ignored/>
  </testcase> <!-- multipleBadgeIDLimit100 -->
  <testcase name="getResponseBody" time="0.0" classname="basicTest.ID_APItest">
    <ignored/>
  </testcase> <!-- getResponseBody -->
  <testcase name="StatusCodeVerification" time="0.0" classname="basicTest.ID_APItest">
    <ignored/>
  </testcase> <!-- StatusCodeVerification -->
  <testcase name="verifyBadgeIDInputNegative" time="0.0" classname="basicTest.ID_APItest">
    <ignored/>
  </testcase> <!-- verifyBadgeIDInputNegative -->
  <testcase name="getResponseContentType" time="0.0" classname="basicTest.ID_APItest">
    <ignored/>
  </testcase> <!-- getResponseContentType -->
  <testcase name="verifySemicolonDelimiter" time="0.0" classname="basicTest.ID_APItest">
    <ignored/>
  </testcase> <!-- verifySemicolonDelimiter -->
  <testcase name="StatusCodeVerificationWithoutParameters" time="0.0" classname="basicTest.ID_APItest">
    <ignored/>
  </testcase> <!-- StatusCodeVerificationWithoutParameters -->
</testsuite> <!-- Default test -->
