<?xml version="1.0" encoding="UTF-8"?>
<!-- Generated by org.testng.reporters.JUnitXMLReporter -->
<testsuite hostname="LAPTOP-6BQO1PBJ" ignored="0" name="Test" tests="20" failures="0" timestamp="2020-08-12T19:12:18 IST" time="114.664" errors="0">
  <testcase name="StatusCodeVerification" time="35.824" classname="badge.api.sanity.Recipients_APItest"/>
  <testcase name="getResponseBody" time="2.38" classname="badge.api.sanity.Recipients_APItest"/>
  <testcase name="getResponseContent" time="2.558" classname="badge.api.sanity.Recipients_APItest"/>
  <testcase name="verifyContentWithPageSize" time="3.989" classname="badge.api.sanity.Recipients_APItest"/>
  <testcase name="verifyCorrectBadgeID" time="4.128" classname="badge.api.sanity.Recipients_APItest"/>
  <testcase name="verifyStatusCodeWith101" time="3.468" classname="badge.api.sanity.Recipients_APItest"/>
  <testcase name="StatusCodeVerification" time="4.575" classname="badge.api.sanity.ID_APItest"/>
  <testcase name="StatusCodeVerificationWithoutParameters" time="7.496" classname="badge.api.sanity.ID_APItest"/>
  <testcase name="getResponseBody" time="6.774" classname="badge.api.sanity.ID_APItest"/>
  <testcase name="getResponseContentType" time="3.298" classname="badge.api.sanity.ID_APItest"/>
  <testcase name="multipleBadgeIDLimit100" time="6.201" classname="badge.api.sanity.ID_APItest"/>
  <testcase name="multipleBadgeIDLimit101" time="4.092" classname="badge.api.sanity.ID_APItest"/>
  <testcase name="verifyBadgeIDInputNegative" time="4.024" classname="badge.api.sanity.ID_APItest"/>
  <testcase name="verifyBadgeIDMapping" time="2.759" classname="badge.api.sanity.ID_APItest"/>
  <testcase name="verifySemicolonDelimiter" time="4.596" classname="badge.api.sanity.ID_APItest"/>
  <testcase name="StatusCodeVerification" time="3.161" classname="badge.api.sanity.Tags_APItest"/>
  <testcase name="getResponseBody" time="2.669" classname="badge.api.sanity.Tags_APItest"/>
  <testcase name="verifyDefaultSort" time="2.617" classname="badge.api.sanity.Tags_APItest"/>
  <testcase name="verifyRank" time="5.729" classname="badge.api.sanity.Tags_APItest"/>
  <testcase name="verifyResponseContent" time="3.927" classname="badge.api.sanity.Tags_APItest"/>
</testsuite> <!-- Test -->
